<?xml version="1.0" encoding="UTF-8"?>
<!-- Generated by org.testng.reporters.JUnitXMLReporter -->
<testsuite hostname="DESKTOP-HF94J1E" ignored="0" name="Default test" tests="3" failures="0" timestamp="2020-07-08T13:13:20 IST" time="124.01" errors="0">
  <testcase name="submitQueryTest" time="20.389" classname="com.training.regression.tests.SubmitQueryUsingInvalidDetailsDBTest"/>
  <testcase name="submitQueryTest" time="20.206" classname="com.training.regression.tests.SubmitQueryUsingInvalidDetailsDBTest"/>
  <testcase name="submitQueryTest" time="19.46" classname="com.training.regression.tests.SubmitQueryUsingInvalidDetailsDBTest"/>
</testsuite> <!-- Default test -->
