<?xml version="1.0" encoding="UTF-8"?>
<!-- Generated by org.testng.reporters.JUnitXMLReporter -->
<testsuite hostname="DESKTOP-HF94J1E" ignored="0" name="Default test" tests="2" failures="0" timestamp="2020-07-04T23:38:56 IST" time="67.407" errors="0">
  <testcase name="validLoginTest" time="10.109" classname="com.training.sanity.tests.AdminLogInTests"/>
  <testcase name="addCategory" time="30.222" classname="com.training.sanity.tests.VerifyAddedPostTests"/>
</testsuite> <!-- Default test -->
